<?xml version="1.0" encoding="UTF-8"?>
<testng-results skipped="0" failed="0" total="1" passed="1">
  <reporter-output>
  </reporter-output>
  <suite name="Default suite" duration-ms="40025" started-at="2016-12-01T05:36:17Z" finished-at="2016-12-01T05:36:57Z">
    <groups>
    </groups>
    <test name="Default test" duration-ms="40025" started-at="2016-12-01T05:36:17Z" finished-at="2016-12-01T05:36:57Z">
      <class name="Test.MerrillTest.NewTest">
        <test-method status="PASS" signature="mtBet()[pri:0, instance:Test.MerrillTest.NewTest@28d25987]" name="mtBet" is-config="true" duration-ms="16584" started-at="2016-12-01T11:06:17Z" finished-at="2016-12-01T11:06:34Z">
          <reporter-output>
          </reporter-output>
        </test-method> <!-- mtBet -->
        <test-method status="PASS" signature="hiitingURL()[pri:0, instance:Test.MerrillTest.NewTest@28d25987]" name="hiitingURL" duration-ms="23419" started-at="2016-12-01T11:06:34Z" finished-at="2016-12-01T11:06:57Z">
          <reporter-output>
          </reporter-output>
        </test-method> <!-- hiitingURL -->
        <test-method status="PASS" signature="tearDown(org.testng.ITestResult)[pri:0, instance:Test.MerrillTest.NewTest@28d25987]" name="tearDown" is-config="true" duration-ms="1" started-at="2016-12-01T11:06:57Z" finished-at="2016-12-01T11:06:57Z">
          <params>
            <param index="0">
              <value>
                <![CDATA[[TestResult name=hiitingURL status=SUCCESS method=NewTest.hiitingURL()[pri:0, instance:Test.MerrillTest.NewTest@28d25987] output={null}]]]>
              </value>
            </param>
          </params>
          <reporter-output>
          </reporter-output>
        </test-method> <!-- tearDown -->
      </class> <!-- Test.MerrillTest.NewTest -->
    </test> <!-- Default test -->
  </suite> <!-- Default suite -->
</testng-results>
